<?xml version="1.0" encoding="UTF-8"?>
<!-- Generated by org.testng.reporters.JUnitReportReporter -->
<testsuite hostname="suba-pc" failures="0" tests="1" name="dsAlgo_TestRunner.TestRunner" time="12.779" errors="0" timestamp="2023-06-17T01:05:49 EDT" skipped="0">
  <testcase classname="dsAlgo_TestRunner.TestRunner" name="runScenario" time="12.779"/>
  <system-out/>
</testsuite> <!-- dsAlgo_TestRunner.TestRunner -->
